2026-02-18T20:09:45+00:00 [INFO] Starting workflow: Deploy Service
2026-02-18T20:09:45+00:00 [INFO] Timestamp: 2026-02-18T20:09:45+00:00
2026-02-18T20:09:45+00:00 [INFO] Executing step 1: Validate Repository
2026-02-18T20:09:45+00:00 [INFO] Cloning repository...
2026-02-18T20:09:45+00:00 [INFO] Checking out branch...
2026-02-18T20:09:45+00:00 [INFO] Verifying...
2026-02-18T20:09:45+00:00 [INFO] Executing: Check for required environment variables
2026-02-18T20:09:45+00:00 [INFO] Completed step 1: Validate Repository
2026-02-18T20:09:45+00:00 [INFO] Executing step 2: Prepare Deployment
2026-02-18T20:09:45+00:00 [INFO] Generating...
2026-02-18T20:09:45+00:00 [INFO] Executing: Set environment variables from template
2026-02-18T20:09:45+00:00 [INFO] Executing: Configure health check endpoints
2026-02-18T20:09:45+00:00 [INFO] Executing: Set up logging and monitoring
2026-02-18T20:09:45+00:00 [INFO] Completed step 2: Prepare Deployment
2026-02-18T20:09:45+00:00 [INFO] Executing step 3: Deploy Application
2026-02-18T20:09:45+00:00 [INFO] Creating...
2026-02-18T20:09:45+00:00 [INFO] Triggering...
2026-02-18T20:09:45+00:00 [INFO] Executing: Monitor deployment progress
2026-02-18T20:09:45+00:00 [INFO] Waiting...
2026-02-18T20:09:45+00:00 [INFO] Completed step 3: Deploy Application
2026-02-18T20:09:45+00:00 [INFO] Executing step 4: Verify Deployment
2026-02-18T20:09:45+00:00 [INFO] Executing: Run health check against deployed service
2026-02-18T20:09:45+00:00 [INFO] Executing: Execute basic smoke tests
2026-02-18T20:09:45+00:00 [INFO] Verifying...
2026-02-18T20:09:45+00:00 [INFO] Executing: Log deployment success metrics
2026-02-18T20:09:45+00:00 [INFO] Completed step 4: Verify Deployment
2026-02-18T20:09:45+00:00 [INFO] Executing step 5: Post-Deployment
2026-02-18T20:09:45+00:00 [INFO] Executing: Update service registry
2026-02-18T20:09:45+00:00 [INFO] Executing: Send notification to relevant channels
2026-02-18T20:09:45+00:00 [INFO] Generating...
2026-02-18T20:09:45+00:00 [INFO] Creating...
2026-02-18T20:09:45+00:00 [INFO] Completed step 5: Post-Deployment
2026-02-18T20:09:45+00:00 [INFO] Workflow completed successfully
2026-02-18T20:09:45+00:00 [INFO] Outputs stored in: /home/developer/.openclaw/workspace/projects/dark-factory-engine/output/deploy-service-skill/outputs.json
